<?xml version="1.0" encoding="UTF-8"?>
<!-- Generated by org.testng.reporters.JUnitReportReporter -->
<testsuite hostname="DESKTOP-6LVC8MF" failures="0" tests="2" name="com.qa.AutoloadAI.tests.LoginPageTest" time="1.721" errors="0" timestamp="23 Jul 2024 16:50:34 GMT" skipped="0">
  <testcase classname="com.qa.AutoloadAI.tests.LoginPageTest" name="loginPageNavigationTest" time="1.085"/>
  <testcase classname="com.qa.AutoloadAI.tests.LoginPageTest" name="appLoginTest" time="0.636"/>
</testsuite> <!-- com.qa.AutoloadAI.tests.LoginPageTest -->
