<?xml version="1.0" encoding="UTF-8"?>
<!-- Generated by org.testng.reporters.JUnitReportReporter -->
<testsuite hostname="DESKTOP-6LVC8MF" failures="0" tests="3" name="com.qa.AutoloadAI.tests.LoadGeneratorTest" time="6.386" errors="0" timestamp="30 Jul 2024 16:02:10 GMT" skipped="0">
  <testcase classname="com.qa.AutoloadAI.tests.LoadGeneratorTest" name="loginPageURLForLoadGenerator" time="0.551"/>
  <testcase classname="com.qa.AutoloadAI.tests.LoadGeneratorTest" name="loginActionForLoadGenerator" time="0.160"/>
  <testcase classname="com.qa.AutoloadAI.tests.LoadGeneratorTest" name="ToValidatetheLoadGeneratorPage" time="5.675"/>
</testsuite> <!-- com.qa.AutoloadAI.tests.LoadGeneratorTest -->
