<?xml version="1.0" encoding="UTF-8"?>
<!-- Generated by org.testng.reporters.JUnitReportReporter -->
<testsuite hostname="DESKTOP-6LVC8MF" failures="0" tests="2" name="com.qa.AutoloadAI.tests.LoginPageTest" time="10.329" errors="0" timestamp="30 Jul 2024 15:59:29 GMT" skipped="0">
  <testcase classname="com.qa.AutoloadAI.tests.LoginPageTest" name="loginPageNavigationTest" time="5.597"/>
  <testcase classname="com.qa.AutoloadAI.tests.LoginPageTest" name="loginActionForLoginFlow" time="4.732"/>
</testsuite> <!-- com.qa.AutoloadAI.tests.LoginPageTest -->
