<?xml version="1.0" encoding="UTF-8"?>
<!-- Generated by org.testng.reporters.JUnitReportReporter -->
<testsuite hostname="DESKTOP-6LVC8MF" failures="0" tests="2" name="com.qa.AutoloadAI.tests.LoginPageTest" time="2.407" errors="0" timestamp="22 Jul 2024 10:42:39 GMT" skipped="0">
  <testcase classname="com.qa.AutoloadAI.tests.LoginPageTest" name="loginPageNavigationTest" time="2.173"/>
  <testcase classname="com.qa.AutoloadAI.tests.LoginPageTest" name="appLoginTest" time="0.234"/>
</testsuite> <!-- com.qa.AutoloadAI.tests.LoginPageTest -->
