<?xml version="1.0" encoding="UTF-8"?>
<!-- Generated by org.testng.reporters.JUnitReportReporter -->
<testsuite hostname="DESKTOP-6LVC8MF" failures="0" tests="3" name="com.qa.AutoloadAI.tests.ExecuteScriptTest" time="13.505" errors="0" timestamp="30 Jul 2024 15:18:39 GMT" skipped="0">
  <testcase classname="com.qa.AutoloadAI.tests.ExecuteScriptTest" name="loginPageURLForExecuteScript" time="0.448"/>
  <testcase classname="com.qa.AutoloadAI.tests.ExecuteScriptTest" name="loginActionForExecuteScript" time="0.177"/>
  <testcase classname="com.qa.AutoloadAI.tests.ExecuteScriptTest" name="executeScriptFlow" time="12.880"/>
</testsuite> <!-- com.qa.AutoloadAI.tests.ExecuteScriptTest -->
