<?xml version="1.0" encoding="UTF-8"?>
<!-- Generated by org.testng.reporters.JUnitReportReporter -->
<testsuite hostname="DESKTOP-6LVC8MF" failures="0" tests="3" name="com.qa.AutoloadAI.tests.ReleaseManagementTest" time="11.145" errors="0" timestamp="30 Jul 2024 15:59:29 GMT" skipped="0">
  <testcase classname="com.qa.AutoloadAI.tests.ReleaseManagementTest" name="loginPageURLForReleaseManagement" time="3.000"/>
  <testcase classname="com.qa.AutoloadAI.tests.ReleaseManagementTest" name="loginActionForReleaseManagement" time="0.279"/>
  <testcase classname="com.qa.AutoloadAI.tests.ReleaseManagementTest" name="ToValidatetheLoadGeneratorPage" time="7.866"/>
</testsuite> <!-- com.qa.AutoloadAI.tests.ReleaseManagementTest -->
