<?xml version="1.0" encoding="UTF-8"?>
<!-- Generated by org.testng.reporters.JUnitReportReporter -->
<testsuite hostname="DESKTOP-6LVC8MF" failures="0" tests="2" name="com.qa.AutoloadAI.tests.LoginPageTest" time="3.809" errors="0" timestamp="21 Jul 2024 15:27:55 GMT" skipped="0">
  <testcase classname="com.qa.AutoloadAI.tests.LoginPageTest" name="loginPageNavigationTest" time="3.532"/>
  <testcase classname="com.qa.AutoloadAI.tests.LoginPageTest" name="appLoginTest" time="0.277"/>
</testsuite> <!-- com.qa.AutoloadAI.tests.LoginPageTest -->
