<?xml version="1.0" encoding="UTF-8"?>
<!-- Generated by org.testng.reporters.JUnitReportReporter -->
<testsuite hostname="DESKTOP-6LVC8MF" failures="0" tests="2" name="com.qa.AutoloadAI.tests.HomePageTest" time="0.461" errors="0" timestamp="22 Jul 2024 13:33:47 GMT" skipped="0">
  <testcase classname="com.qa.AutoloadAI.tests.HomePageTest" name="homePageTitleTest" time="0.328"/>
  <testcase classname="com.qa.AutoloadAI.tests.HomePageTest" name="homePageURLTest" time="0.133"/>
</testsuite> <!-- com.qa.AutoloadAI.tests.HomePageTest -->
