<?xml version="1.0" encoding="UTF-8"?>
<!-- Generated by org.testng.reporters.JUnitReportReporter -->
<testsuite hostname="DESKTOP-6LVC8MF" failures="0" tests="3" name="com.qa.AutoloadAI.tests.ReleaseManagementTest" time="10.810" errors="0" timestamp="30 Jul 2024 14:46:58 GMT" skipped="0">
  <testcase classname="com.qa.AutoloadAI.tests.ReleaseManagementTest" name="loginPageURLForReleaseManagement" time="2.868"/>
  <testcase classname="com.qa.AutoloadAI.tests.ReleaseManagementTest" name="loginActionForReleaseManagement" time="0.789"/>
  <testcase classname="com.qa.AutoloadAI.tests.ReleaseManagementTest" name="ToValidatetheLoadGeneratorPage" time="7.153"/>
</testsuite> <!-- com.qa.AutoloadAI.tests.ReleaseManagementTest -->
