<?xml version="1.0" encoding="UTF-8"?>
<!-- Generated by org.testng.reporters.JUnitReportReporter -->
<testsuite hostname="DESKTOP-6LVC8MF" failures="0" tests="3" name="com.qa.AutoloadAI.tests.ReportPageTest" time="43.341" errors="1" timestamp="30 Jul 2024 14:46:58 GMT" skipped="0">
  <testcase classname="com.qa.AutoloadAI.tests.ReportPageTest" name="loginPageURLForReport" time="5.244"/>
  <testcase classname="com.qa.AutoloadAI.tests.ReportPageTest" name="loginActionForReportPage" time="2.135"/>
  <testcase classname="com.qa.AutoloadAI.tests.ReportPageTest" name="reportScriptFlow" time="35.962">
    <error message="Error {
  message=&#039;Timeout 30000ms exceeded.
  name=&#039;TimeoutError
  stack=&#039;TimeoutError: Timeout 30000ms exceeded.
    at ProgressController.run (C:\Users\hp\AppData\Local\Temp\playwright-java-16039074641286313852\package\lib\server\progress.js:78:26)
    at Frame.click (C:\Users\hp\AppData\Local\Temp\playwright-java-16039074641286313852\package\lib\server\frames.js:1007:23)
    at FrameDispatcher.click (C:\Users\hp\AppData\Local\Temp\playwright-java-16039074641286313852\package\lib\server\dispatchers\frameDispatcher.js:157:30)
    at FrameDispatcher._handleCommand (C:\Users\hp\AppData\Local\Temp\playwright-java-16039074641286313852\package\lib\server\dispatchers\dispatcher.js:94:40)
    at DispatcherConnection.dispatch (C:\Users\hp\AppData\Local\Temp\playwright-java-16039074641286313852\package\lib\server\dispatchers\dispatcher.js:361:39)
}
Call log:
- waiting for locator(&quot;//input[@id=&#039;rc_select_1&#039;]&quot;)
-   locator resolved to &lt;input value=&quot;&quot; type=&quot;search&quot; role=&quot;combobox&quot; id=&quot;rc_select_1&quot; autocomplete=&quot;off&quot; aria-expanded=&quot;false&quot; aria-haspopup=&quot;listbox&quot; aria-autocomplete=&quot;list&quot; aria-owns=&quot;rc_select_1_list&quot; aria-controls=&quot;rc_select_1_list&quot; class=&quot;ant-select-selection-search-input&quot;/&gt;
- attempting click action
-   waiting for element to be visible, enabled and stable
-   element is visible, enabled and stable
-   scrolling into view if needed
-   done scrolling
-   &lt;span title=&quot;AUTOLOAD_QA&quot; class=&quot;ant-select-selection-item&quot;&gt;AUTOLOAD_QA&lt;/span&gt; intercepts pointer events
- retrying click action, attempt #1
-   waiting for element to be visible, enabled and stable
-   element is visible, enabled and stable
-   scrolling into view if needed
-   done scrolling
-   &lt;span title=&quot;AUTOLOAD_QA&quot; class=&quot;ant-select-selection-item&quot;&gt;AUTOLOAD_QA&lt;/span&gt; intercepts pointer events
- retrying click action, attempt #2
-   waiting 20ms
-   waiting for element to be visible, enabled and stable
-   element is visible, enabled and stable
-   scrolling into view if needed
-   done scrolling
-   &lt;span title=&quot;AUTOLOAD_QA&quot; class=&quot;ant-select-selection-item&quot;&gt;AUTOLOAD_QA&lt;/span&gt; intercepts pointer events
- retrying click action, attempt #3
-   waiting 100ms
-   waiting for element to be visible, enabled and stable
-   element is visible, enabled and stable
-   scrolling into view if needed
-   done scrolling
-   &lt;span title=&quot;AUTOLOAD_QA&quot; class=&quot;ant-select-selection-item&quot;&gt;AUTOLOAD_QA&lt;/span&gt; intercepts pointer events
- retrying click action, attempt #4
-   waiting 100ms
-   waiting for element to be visible, enabled and stable
-   element is visible, enabled and stable
-   scrolling into view if needed
-   done scrolling
-   &lt;span title=&quot;AUTOLOAD_QA&quot; class=&quot;ant-select-selection-item&quot;&gt;AUTOLOAD_QA&lt;/span&gt; intercepts pointer events
- retrying click action, attempt #5
-   waiting 500ms
-   waiting for element to be visible, enabled and stable
-   element is visible, enabled and stable
-   scrolling into view if needed
-   done scrolling
-   &lt;span title=&quot;AUTOLOAD_QA&quot; class=&quot;ant-select-selection-item&quot;&gt;AUTOLOAD_QA&lt;/span&gt; intercepts pointer events
- retrying click action, attempt #6
-   waiting 500ms
-   waiting for element to be visible, enabled and stable
-   element is visible, enabled and stable
-   scrolling into view if needed
-   done scrolling
-   &lt;span title=&quot;AUTOLOAD_QA&quot; class=&quot;ant-select-selection-item&quot;&gt;AUTOLOAD_QA&lt;/span&gt; intercepts pointer events
- retrying click action, attempt #7
-   waiting 500ms
-   waiting for element to be visible, enabled and stable
-   element is visible, enabled and stable
-   scrolling into view if needed
-   done scrolling
-   &lt;span title=&quot;AUTOLOAD_QA&quot; class=&quot;ant-select-selection-item&quot;&gt;AUTOLOAD_QA&lt;/span&gt; intercepts pointer events
- retrying click action, attempt #8
-   waiting 500ms
-   waiting for element to be visible, enabled and stable
-   element is visible, enabled and stable
-   scrolling into view if needed
-   done scrolling
-   &lt;span title=&quot;AUTOLOAD_QA&quot; class=&quot;ant-select-selection-item&quot;&gt;AUTOLOAD_QA&lt;/span&gt; intercepts pointer events
- retrying click action, attempt #9
-   waiting 500ms
-   waiting for element to be visible, enabled and stable
-   element is visible, enabled and stable
-   scrolling into view if needed
-   done scrolling
-   &lt;span title=&quot;AUTOLOAD_QA&quot; class=&quot;ant-select-selection-item&quot;&gt;AUTOLOAD_QA&lt;/span&gt; intercepts pointer events
- retrying click action, attempt #10
-   waiting 500ms
-   waiting for element to be visible, enabled and stable
-   element is visible, enabled and stable
-   scrolling into view if needed
-   done scrolling
-   &lt;span title=&quot;AUTOLOAD_QA&quot; class=&quot;ant-select-selection-item&quot;&gt;AUTOLOAD_QA&lt;/span&gt; intercepts pointer events
- retrying click action, attempt #11
-   waiting 500ms
-   waiting for element to be visible, enabled and stable
-   element is visible, enabled and stable
-   scrolling into view if needed
-   done scrolling
-   &lt;span title=&quot;AUTOLOAD_QA&quot; class=&quot;ant-select-selection-item&quot;&gt;AUTOLOAD_QA&lt;/span&gt; intercepts pointer events
- retrying click action, attempt #12
-   waiting 500ms
-   waiting for element to be visible, enabled and stable
-   element is visible, enabled and stable
-   scrolling into view if needed
-   done scrolling
-   &lt;span title=&quot;AUTOLOAD_QA&quot; class=&quot;ant-select-selection-item&quot;&gt;AUTOLOAD_QA&lt;/span&gt; intercepts pointer events
- retrying click action, attempt #13
-   waiting 500ms
-   waiting for element to be visible, enabled and stable
-   element is visible, enabled and stable
-   scrolling into view if needed
-   done scrolling
-   &lt;span title=&quot;AUTOLOAD_QA&quot; class=&quot;ant-select-selection-item&quot;&gt;AUTOLOAD_QA&lt;/span&gt; intercepts pointer events
- retrying click action, attempt #14
-   waiting 500ms
-   waiting for element to be visible, enabled and stable
-   element is visible, enabled and stable
-   scrolling into view if needed
-   done scrolling
-   &lt;span title=&quot;AUTOLOAD_QA&quot; class=&quot;ant-select-selection-item&quot;&gt;AUTOLOAD_QA&lt;/span&gt; intercepts pointer events
- retrying click action, attempt #15
-   waiting 500ms
-   waiting for element to be visible, enabled and stable
-   element is visible, enabled and stable
-   scrolling into view if needed
-   done scrolling
-   &lt;span title=&quot;AUTOLOAD_QA&quot; class=&quot;ant-select-selection-item&quot;&gt;AUTOLOAD_QA&lt;/span&gt; intercepts pointer events
- retrying click action, attempt #16
-   waiting 500ms
-   waiting for element to be visible, enabled and stable
-   element is visible, enabled and stable
-   scrolling into view if needed
-   done scrolling
-   &lt;span title=&quot;AUTOLOAD_QA&quot; class=&quot;ant-select-selection-item&quot;&gt;AUTOLOAD_QA&lt;/span&gt; intercepts pointer events
- retrying click action, attempt #17
-   waiting 500ms
-   waiting for element to be visible, enabled and stable
-   element is visible, enabled and stable
-   scrolling into view if needed
-   done scrolling
-   &lt;span title=&quot;AUTOLOAD_QA&quot; class=&quot;ant-select-selection-item&quot;&gt;AUTOLOAD_QA&lt;/span&gt; intercepts pointer events
- retrying click action, attempt #18
-   waiting 500ms
-   waiting for element to be visible, enabled and stable
-   element is visible, enabled and stable
-   scrolling into view if needed
-   done scrolling
-   &lt;span title=&quot;AUTOLOAD_QA&quot; class=&quot;ant-select-selection-item&quot;&gt;AUTOLOAD_QA&lt;/span&gt; intercepts pointer events
- retrying click action, attempt #19
-   waiting 500ms
-   waiting for element to be visible, enabled and stable
-   element is visible, enabled and stable
-   scrolling into view if needed
-   done scrolling
-   &lt;span title=&quot;AUTOLOAD_QA&quot; class=&quot;ant-select-selection-item&quot;&gt;AUTOLOAD_QA&lt;/span&gt; intercepts pointer events
- retrying click action, attempt #20
-   waiting 500ms
-   waiting for element to be visible, enabled and stable
-   element is visible, enabled and stable
-   scrolling into view if needed
-   done scrolling
-   &lt;span title=&quot;AUTOLOAD_QA&quot; class=&quot;ant-select-selection-item&quot;&gt;AUTOLOAD_QA&lt;/span&gt; intercepts pointer events
- retrying click action, attempt #21
-   waiting 500ms
-   waiting for element to be visible, enabled and stable
-   element is visible, enabled and stable
-   scrolling into view if needed
-   done scrolling
-   &lt;span title=&quot;AUTOLOAD_QA&quot; class=&quot;ant-select-selection-item&quot;&gt;AUTOLOAD_QA&lt;/span&gt; intercepts pointer events
- retrying click action, attempt #22
-   waiting 500ms
-   waiting for element to be visible, enabled and stable
-   element is visible, enabled and stable
-   scrolling into view if needed
-   done scrolling
-   &lt;span title=&quot;AUTOLOAD_QA&quot; class=&quot;ant-select-selection-item&quot;&gt;AUTOLOAD_QA&lt;/span&gt; intercepts pointer events
- retrying click action, attempt #23
-   waiting 500ms
-   waiting for element to be visible, enabled and stable
-   element is visible, enabled and stable
-   scrolling into view if needed
-   done scrolling
-   &lt;span title=&quot;AUTOLOAD_QA&quot; class=&quot;ant-select-selection-item&quot;&gt;AUTOLOAD_QA&lt;/span&gt; intercepts pointer events
- retrying click action, attempt #24
-   waiting 500ms
-   waiting for element to be visible, enabled and stable
-   element is visible, enabled and stable
-   scrolling into view if needed
-   done scrolling
-   &lt;span title=&quot;AUTOLOAD_QA&quot; class=&quot;ant-select-selection-item&quot;&gt;AUTOLOAD_QA&lt;/span&gt; intercepts pointer events
- retrying click action, attempt #25
-   waiting 500ms
-   waiting for element to be visible, enabled and stable
-   element is visible, enabled and stable
-   scrolling into view if needed
-   done scrolling
-   &lt;span title=&quot;AUTOLOAD_QA&quot; class=&quot;ant-select-selection-item&quot;&gt;AUTOLOAD_QA&lt;/span&gt; intercepts pointer events
- retrying click action, attempt #26
-   waiting 500ms
-   waiting for element to be visible, enabled and stable
-   element is visible, enabled and stable
-   scrolling into view if needed
-   done scrolling
-   &lt;span title=&quot;AUTOLOAD_QA&quot; class=&quot;ant-select-selection-item&quot;&gt;AUTOLOAD_QA&lt;/span&gt; intercepts pointer events
- retrying click action, attempt #27
-   waiting 500ms
-   waiting for element to be visible, enabled and stable
-   element is visible, enabled and stable
-   scrolling into view if needed
-   done scrolling
-   &lt;span title=&quot;AUTOLOAD_QA&quot; class=&quot;ant-select-selection-item&quot;&gt;AUTOLOAD_QA&lt;/span&gt; intercepts pointer events
- retrying click action, attempt #28
-   waiting 500ms
-   waiting for element to be visible, enabled and stable
-   element is visible, enabled and stable
-   scrolling into view if needed
-   done scrolling
-   &lt;span title=&quot;AUTOLOAD_QA&quot; class=&quot;ant-select-selection-item&quot;&gt;AUTOLOAD_QA&lt;/span&gt; intercepts pointer events
- retrying click action, attempt #29
-   waiting 500ms
-   waiting for element to be visible, enabled and stable
-   element is visible, enabled and stable
-   scrolling into view if needed
-   done scrolling
-   &lt;span title=&quot;AUTOLOAD_QA&quot; class=&quot;ant-select-selection-item&quot;&gt;AUTOLOAD_QA&lt;/span&gt; intercepts pointer events
- retrying click action, attempt #30
-   waiting 500ms
-   waiting for element to be visible, enabled and stable
-   element is visible, enabled and stable
-   scrolling into view if needed
-   done scrolling
-   &lt;span title=&quot;AUTOLOAD_QA&quot; class=&quot;ant-select-selection-item&quot;&gt;AUTOLOAD_QA&lt;/span&gt; intercepts pointer events
- retrying click action, attempt #31
-   waiting 500ms
-   waiting for element to be visible, enabled and stable
-   element is visible, enabled and stable
-   scrolling into view if needed
-   done scrolling
-   &lt;span title=&quot;AUTOLOAD_QA&quot; class=&quot;ant-select-selection-item&quot;&gt;AUTOLOAD_QA&lt;/span&gt; intercepts pointer events
- retrying click action, attempt #32
-   waiting 500ms
-   waiting for element to be visible, enabled and stable
-   element is visible, enabled and stable
-   scrolling into view if needed
-   done scrolling
-   &lt;span title=&quot;AUTOLOAD_QA&quot; class=&quot;ant-select-selection-item&quot;&gt;AUTOLOAD_QA&lt;/span&gt; intercepts pointer events
- retrying click action, attempt #33
-   waiting 500ms
-   waiting for element to be visible, enabled and stable
-   element is visible, enabled and stable
-   scrolling into view if needed
-   done scrolling
-   &lt;span title=&quot;AUTOLOAD_QA&quot; class=&quot;ant-select-selection-item&quot;&gt;AUTOLOAD_QA&lt;/span&gt; intercepts pointer events
- retrying click action, attempt #34
-   waiting 500ms
-   waiting for element to be visible, enabled and stable
-   element is visible, enabled and stable
-   scrolling into view if needed
-   done scrolling
-   &lt;span title=&quot;AUTOLOAD_QA&quot; class=&quot;ant-select-selection-item&quot;&gt;AUTOLOAD_QA&lt;/span&gt; intercepts pointer events
- retrying click action, attempt #35
-   waiting 500ms
-   waiting for element to be visible, enabled and stable
-   element is visible, enabled and stable
-   scrolling into view if needed
-   done scrolling
-   &lt;span title=&quot;AUTOLOAD_QA&quot; class=&quot;ant-select-selection-item&quot;&gt;AUTOLOAD_QA&lt;/span&gt; intercepts pointer events
- retrying click action, attempt #36
-   waiting 500ms
-   waiting for element to be visible, enabled and stable
-   element is visible, enabled and stable
-   scrolling into view if needed
-   done scrolling
-   &lt;span title=&quot;AUTOLOAD_QA&quot; class=&quot;ant-select-selection-item&quot;&gt;AUTOLOAD_QA&lt;/span&gt; intercepts pointer events
- retrying click action, attempt #37
-   waiting 500ms
-   waiting for element to be visible, enabled and stable
-   element is visible, enabled and stable
-   scrolling into view if needed
-   done scrolling
-   &lt;span title=&quot;AUTOLOAD_QA&quot; class=&quot;ant-select-selection-item&quot;&gt;AUTOLOAD_QA&lt;/span&gt; intercepts pointer events
- retrying click action, attempt #38
-   waiting 500ms
-   waiting for element to be visible, enabled and stable
-   element is visible, enabled and stable
-   scrolling into view if needed
-   done scrolling
-   &lt;span title=&quot;AUTOLOAD_QA&quot; class=&quot;ant-select-selection-item&quot;&gt;AUTOLOAD_QA&lt;/span&gt; intercepts pointer events
- retrying click action, attempt #39
-   waiting 500ms
-   waiting for element to be visible, enabled and stable
-   element is visible, enabled and stable
-   scrolling into view if needed
-   done scrolling
-   &lt;span title=&quot;AUTOLOAD_QA&quot; class=&quot;ant-select-selection-item&quot;&gt;AUTOLOAD_QA&lt;/span&gt; intercepts pointer events
- retrying click action, attempt #40
-   waiting 500ms
-   waiting for element to be visible, enabled and stable
-   element is visible, enabled and stable
-   scrolling into view if needed
-   done scrolling
-   &lt;span title=&quot;AUTOLOAD_QA&quot; class=&quot;ant-select-selection-item&quot;&gt;AUTOLOAD_QA&lt;/span&gt; intercepts pointer events
- retrying click action, attempt #41
-   waiting 500ms
-   waiting for element to be visible, enabled and stable
-   element is visible, enabled and stable
-   scrolling into view if needed
-   done scrolling
-   &lt;span title=&quot;AUTOLOAD_QA&quot; class=&quot;ant-select-selection-item&quot;&gt;AUTOLOAD_QA&lt;/span&gt; intercepts pointer events
- retrying click action, attempt #42
-   waiting 500ms
-   waiting for element to be visible, enabled and stable
-   element is visible, enabled and stable
-   scrolling into view if needed
-   done scrolling
-   &lt;span title=&quot;AUTOLOAD_QA&quot; class=&quot;ant-select-selection-item&quot;&gt;AUTOLOAD_QA&lt;/span&gt; intercepts pointer events
- retrying click action, attempt #43
-   waiting 500ms
-   waiting for element to be visible, enabled and stable
-   element is visible, enabled and stable
-   scrolling into view if needed
-   done scrolling
-   &lt;span title=&quot;AUTOLOAD_QA&quot; class=&quot;ant-select-selection-item&quot;&gt;AUTOLOAD_QA&lt;/span&gt; intercepts pointer events
- retrying click action, attempt #44
-   waiting 500ms
-   waiting for element to be visible, enabled and stable
-   element is visible, enabled and stable
-   scrolling into view if needed
-   done scrolling
-   &lt;span title=&quot;AUTOLOAD_QA&quot; class=&quot;ant-select-selection-item&quot;&gt;AUTOLOAD_QA&lt;/span&gt; intercepts pointer events
- retrying click action, attempt #45
-   waiting 500ms
-   waiting for element to be visible, enabled and stable
-   element is visible, enabled and stable
-   scrolling into view if needed
-   done scrolling
-   &lt;span title=&quot;AUTOLOAD_QA&quot; class=&quot;ant-select-selection-item&quot;&gt;AUTOLOAD_QA&lt;/span&gt; intercepts pointer events
- retrying click action, attempt #46
-   waiting 500ms
-   waiting for element to be visible, enabled and stable
-   element is visible, enabled and stable
-   scrolling into view if needed
-   done scrolling
-   &lt;span title=&quot;AUTOLOAD_QA&quot; class=&quot;ant-select-selection-item&quot;&gt;AUTOLOAD_QA&lt;/span&gt; intercepts pointer events
- retrying click action, attempt #47
-   waiting 500ms
-   waiting for element to be visible, enabled and stable
-   element is visible, enabled and stable
-   scrolling into view if needed
-   done scrolling
-   &lt;span title=&quot;AUTOLOAD_QA&quot; class=&quot;ant-select-selection-item&quot;&gt;AUTOLOAD_QA&lt;/span&gt; intercepts pointer events
- retrying click action, attempt #48
-   waiting 500ms
-   waiting for element to be visible, enabled and stable
-   element is visible, enabled and stable
-   scrolling into view if needed
-   done scrolling
-   &lt;span title=&quot;AUTOLOAD_QA&quot; class=&quot;ant-select-selection-item&quot;&gt;AUTOLOAD_QA&lt;/span&gt; intercepts pointer events
- retrying click action, attempt #49
-   waiting 500ms
-   waiting for element to be visible, enabled and stable
-   element is visible, enabled and stable
-   scrolling into view if needed
-   done scrolling
-   &lt;span title=&quot;AUTOLOAD_QA&quot; class=&quot;ant-select-selection-item&quot;&gt;AUTOLOAD_QA&lt;/span&gt; intercepts pointer events
- retrying click action, attempt #50
-   waiting 500ms
-   waiting for element to be visible, enabled and stable
-   element is visible, enabled and stable
-   scrolling into view if needed
-   done scrolling
-   &lt;span title=&quot;AUTOLOAD_QA&quot; class=&quot;ant-select-selection-item&quot;&gt;AUTOLOAD_QA&lt;/span&gt; intercepts pointer events
- retrying click action, attempt #51
-   waiting 500ms
" type="com.microsoft.playwright.TimeoutError">
      <![CDATA[com.microsoft.playwright.TimeoutError: Error {
  message='Timeout 30000ms exceeded.
  name='TimeoutError
  stack='TimeoutError: Timeout 30000ms exceeded.
    at ProgressController.run (C:\Users\hp\AppData\Local\Temp\playwright-java-16039074641286313852\package\lib\server\progress.js:78:26)
    at Frame.click (C:\Users\hp\AppData\Local\Temp\playwright-java-16039074641286313852\package\lib\server\frames.js:1007:23)
    at FrameDispatcher.click (C:\Users\hp\AppData\Local\Temp\playwright-java-16039074641286313852\package\lib\server\dispatchers\frameDispatcher.js:157:30)
    at FrameDispatcher._handleCommand (C:\Users\hp\AppData\Local\Temp\playwright-java-16039074641286313852\package\lib\server\dispatchers\dispatcher.js:94:40)
    at DispatcherConnection.dispatch (C:\Users\hp\AppData\Local\Temp\playwright-java-16039074641286313852\package\lib\server\dispatchers\dispatcher.js:361:39)
}
Call log:
- waiting for locator("//input[@id='rc_select_1']")
-   locator resolved to <input value="" type="search" role="combobox" id="rc_select_1" autocomplete="off" aria-expanded="false" aria-haspopup="listbox" aria-autocomplete="list" aria-owns="rc_select_1_list" aria-controls="rc_select_1_list" class="ant-select-selection-search-input"/>
- attempting click action
-   waiting for element to be visible, enabled and stable
-   element is visible, enabled and stable
-   scrolling into view if needed
-   done scrolling
-   <span title="AUTOLOAD_QA" class="ant-select-selection-item">AUTOLOAD_QA</span> intercepts pointer events
- retrying click action, attempt #1
-   waiting for element to be visible, enabled and stable
-   element is visible, enabled and stable
-   scrolling into view if needed
-   done scrolling
-   <span title="AUTOLOAD_QA" class="ant-select-selection-item">AUTOLOAD_QA</span> intercepts pointer events
- retrying click action, attempt #2
-   waiting 20ms
-   waiting for element to be visible, enabled and stable
-   element is visible, enabled and stable
-   scrolling into view if needed
-   done scrolling
-   <span title="AUTOLOAD_QA" class="ant-select-selection-item">AUTOLOAD_QA</span> intercepts pointer events
- retrying click action, attempt #3
-   waiting 100ms
-   waiting for element to be visible, enabled and stable
-   element is visible, enabled and stable
-   scrolling into view if needed
-   done scrolling
-   <span title="AUTOLOAD_QA" class="ant-select-selection-item">AUTOLOAD_QA</span> intercepts pointer events
- retrying click action, attempt #4
-   waiting 100ms
-   waiting for element to be visible, enabled and stable
-   element is visible, enabled and stable
-   scrolling into view if needed
-   done scrolling
-   <span title="AUTOLOAD_QA" class="ant-select-selection-item">AUTOLOAD_QA</span> intercepts pointer events
- retrying click action, attempt #5
-   waiting 500ms
-   waiting for element to be visible, enabled and stable
-   element is visible, enabled and stable
-   scrolling into view if needed
-   done scrolling
-   <span title="AUTOLOAD_QA" class="ant-select-selection-item">AUTOLOAD_QA</span> intercepts pointer events
- retrying click action, attempt #6
-   waiting 500ms
-   waiting for element to be visible, enabled and stable
-   element is visible, enabled and stable
-   scrolling into view if needed
-   done scrolling
-   <span title="AUTOLOAD_QA" class="ant-select-selection-item">AUTOLOAD_QA</span> intercepts pointer events
- retrying click action, attempt #7
-   waiting 500ms
-   waiting for element to be visible, enabled and stable
-   element is visible, enabled and stable
-   scrolling into view if needed
-   done scrolling
-   <span title="AUTOLOAD_QA" class="ant-select-selection-item">AUTOLOAD_QA</span> intercepts pointer events
- retrying click action, attempt #8
-   waiting 500ms
-   waiting for element to be visible, enabled and stable
-   element is visible, enabled and stable
-   scrolling into view if needed
-   done scrolling
-   <span title="AUTOLOAD_QA" class="ant-select-selection-item">AUTOLOAD_QA</span> intercepts pointer events
- retrying click action, attempt #9
-   waiting 500ms
-   waiting for element to be visible, enabled and stable
-   element is visible, enabled and stable
-   scrolling into view if needed
-   done scrolling
-   <span title="AUTOLOAD_QA" class="ant-select-selection-item">AUTOLOAD_QA</span> intercepts pointer events
- retrying click action, attempt #10
-   waiting 500ms
-   waiting for element to be visible, enabled and stable
-   element is visible, enabled and stable
-   scrolling into view if needed
-   done scrolling
-   <span title="AUTOLOAD_QA" class="ant-select-selection-item">AUTOLOAD_QA</span> intercepts pointer events
- retrying click action, attempt #11
-   waiting 500ms
-   waiting for element to be visible, enabled and stable
-   element is visible, enabled and stable
-   scrolling into view if needed
-   done scrolling
-   <span title="AUTOLOAD_QA" class="ant-select-selection-item">AUTOLOAD_QA</span> intercepts pointer events
- retrying click action, attempt #12
-   waiting 500ms
-   waiting for element to be visible, enabled and stable
-   element is visible, enabled and stable
-   scrolling into view if needed
-   done scrolling
-   <span title="AUTOLOAD_QA" class="ant-select-selection-item">AUTOLOAD_QA</span> intercepts pointer events
- retrying click action, attempt #13
-   waiting 500ms
-   waiting for element to be visible, enabled and stable
-   element is visible, enabled and stable
-   scrolling into view if needed
-   done scrolling
-   <span title="AUTOLOAD_QA" class="ant-select-selection-item">AUTOLOAD_QA</span> intercepts pointer events
- retrying click action, attempt #14
-   waiting 500ms
-   waiting for element to be visible, enabled and stable
-   element is visible, enabled and stable
-   scrolling into view if needed
-   done scrolling
-   <span title="AUTOLOAD_QA" class="ant-select-selection-item">AUTOLOAD_QA</span> intercepts pointer events
- retrying click action, attempt #15
-   waiting 500ms
-   waiting for element to be visible, enabled and stable
-   element is visible, enabled and stable
-   scrolling into view if needed
-   done scrolling
-   <span title="AUTOLOAD_QA" class="ant-select-selection-item">AUTOLOAD_QA</span> intercepts pointer events
- retrying click action, attempt #16
-   waiting 500ms
-   waiting for element to be visible, enabled and stable
-   element is visible, enabled and stable
-   scrolling into view if needed
-   done scrolling
-   <span title="AUTOLOAD_QA" class="ant-select-selection-item">AUTOLOAD_QA</span> intercepts pointer events
- retrying click action, attempt #17
-   waiting 500ms
-   waiting for element to be visible, enabled and stable
-   element is visible, enabled and stable
-   scrolling into view if needed
-   done scrolling
-   <span title="AUTOLOAD_QA" class="ant-select-selection-item">AUTOLOAD_QA</span> intercepts pointer events
- retrying click action, attempt #18
-   waiting 500ms
-   waiting for element to be visible, enabled and stable
-   element is visible, enabled and stable
-   scrolling into view if needed
-   done scrolling
-   <span title="AUTOLOAD_QA" class="ant-select-selection-item">AUTOLOAD_QA</span> intercepts pointer events
- retrying click action, attempt #19
-   waiting 500ms
-   waiting for element to be visible, enabled and stable
-   element is visible, enabled and stable
-   scrolling into view if needed
-   done scrolling
-   <span title="AUTOLOAD_QA" class="ant-select-selection-item">AUTOLOAD_QA</span> intercepts pointer events
- retrying click action, attempt #20
-   waiting 500ms
-   waiting for element to be visible, enabled and stable
-   element is visible, enabled and stable
-   scrolling into view if needed
-   done scrolling
-   <span title="AUTOLOAD_QA" class="ant-select-selection-item">AUTOLOAD_QA</span> intercepts pointer events
- retrying click action, attempt #21
-   waiting 500ms
-   waiting for element to be visible, enabled and stable
-   element is visible, enabled and stable
-   scrolling into view if needed
-   done scrolling
-   <span title="AUTOLOAD_QA" class="ant-select-selection-item">AUTOLOAD_QA</span> intercepts pointer events
- retrying click action, attempt #22
-   waiting 500ms
-   waiting for element to be visible, enabled and stable
-   element is visible, enabled and stable
-   scrolling into view if needed
-   done scrolling
-   <span title="AUTOLOAD_QA" class="ant-select-selection-item">AUTOLOAD_QA</span> intercepts pointer events
- retrying click action, attempt #23
-   waiting 500ms
-   waiting for element to be visible, enabled and stable
-   element is visible, enabled and stable
-   scrolling into view if needed
-   done scrolling
-   <span title="AUTOLOAD_QA" class="ant-select-selection-item">AUTOLOAD_QA</span> intercepts pointer events
- retrying click action, attempt #24
-   waiting 500ms
-   waiting for element to be visible, enabled and stable
-   element is visible, enabled and stable
-   scrolling into view if needed
-   done scrolling
-   <span title="AUTOLOAD_QA" class="ant-select-selection-item">AUTOLOAD_QA</span> intercepts pointer events
- retrying click action, attempt #25
-   waiting 500ms
-   waiting for element to be visible, enabled and stable
-   element is visible, enabled and stable
-   scrolling into view if needed
-   done scrolling
-   <span title="AUTOLOAD_QA" class="ant-select-selection-item">AUTOLOAD_QA</span> intercepts pointer events
- retrying click action, attempt #26
-   waiting 500ms
-   waiting for element to be visible, enabled and stable
-   element is visible, enabled and stable
-   scrolling into view if needed
-   done scrolling
-   <span title="AUTOLOAD_QA" class="ant-select-selection-item">AUTOLOAD_QA</span> intercepts pointer events
- retrying click action, attempt #27
-   waiting 500ms
-   waiting for element to be visible, enabled and stable
-   element is visible, enabled and stable
-   scrolling into view if needed
-   done scrolling
-   <span title="AUTOLOAD_QA" class="ant-select-selection-item">AUTOLOAD_QA</span> intercepts pointer events
- retrying click action, attempt #28
-   waiting 500ms
-   waiting for element to be visible, enabled and stable
-   element is visible, enabled and stable
-   scrolling into view if needed
-   done scrolling
-   <span title="AUTOLOAD_QA" class="ant-select-selection-item">AUTOLOAD_QA</span> intercepts pointer events
- retrying click action, attempt #29
-   waiting 500ms
-   waiting for element to be visible, enabled and stable
-   element is visible, enabled and stable
-   scrolling into view if needed
-   done scrolling
-   <span title="AUTOLOAD_QA" class="ant-select-selection-item">AUTOLOAD_QA</span> intercepts pointer events
- retrying click action, attempt #30
-   waiting 500ms
-   waiting for element to be visible, enabled and stable
-   element is visible, enabled and stable
-   scrolling into view if needed
-   done scrolling
-   <span title="AUTOLOAD_QA" class="ant-select-selection-item">AUTOLOAD_QA</span> intercepts pointer events
- retrying click action, attempt #31
-   waiting 500ms
-   waiting for element to be visible, enabled and stable
-   element is visible, enabled and stable
-   scrolling into view if needed
-   done scrolling
-   <span title="AUTOLOAD_QA" class="ant-select-selection-item">AUTOLOAD_QA</span> intercepts pointer events
- retrying click action, attempt #32
-   waiting 500ms
-   waiting for element to be visible, enabled and stable
-   element is visible, enabled and stable
-   scrolling into view if needed
-   done scrolling
-   <span title="AUTOLOAD_QA" class="ant-select-selection-item">AUTOLOAD_QA</span> intercepts pointer events
- retrying click action, attempt #33
-   waiting 500ms
-   waiting for element to be visible, enabled and stable
-   element is visible, enabled and stable
-   scrolling into view if needed
-   done scrolling
-   <span title="AUTOLOAD_QA" class="ant-select-selection-item">AUTOLOAD_QA</span> intercepts pointer events
- retrying click action, attempt #34
-   waiting 500ms
-   waiting for element to be visible, enabled and stable
-   element is visible, enabled and stable
-   scrolling into view if needed
-   done scrolling
-   <span title="AUTOLOAD_QA" class="ant-select-selection-item">AUTOLOAD_QA</span> intercepts pointer events
- retrying click action, attempt #35
-   waiting 500ms
-   waiting for element to be visible, enabled and stable
-   element is visible, enabled and stable
-   scrolling into view if needed
-   done scrolling
-   <span title="AUTOLOAD_QA" class="ant-select-selection-item">AUTOLOAD_QA</span> intercepts pointer events
- retrying click action, attempt #36
-   waiting 500ms
-   waiting for element to be visible, enabled and stable
-   element is visible, enabled and stable
-   scrolling into view if needed
-   done scrolling
-   <span title="AUTOLOAD_QA" class="ant-select-selection-item">AUTOLOAD_QA</span> intercepts pointer events
- retrying click action, attempt #37
-   waiting 500ms
-   waiting for element to be visible, enabled and stable
-   element is visible, enabled and stable
-   scrolling into view if needed
-   done scrolling
-   <span title="AUTOLOAD_QA" class="ant-select-selection-item">AUTOLOAD_QA</span> intercepts pointer events
- retrying click action, attempt #38
-   waiting 500ms
-   waiting for element to be visible, enabled and stable
-   element is visible, enabled and stable
-   scrolling into view if needed
-   done scrolling
-   <span title="AUTOLOAD_QA" class="ant-select-selection-item">AUTOLOAD_QA</span> intercepts pointer events
- retrying click action, attempt #39
-   waiting 500ms
-   waiting for element to be visible, enabled and stable
-   element is visible, enabled and stable
-   scrolling into view if needed
-   done scrolling
-   <span title="AUTOLOAD_QA" class="ant-select-selection-item">AUTOLOAD_QA</span> intercepts pointer events
- retrying click action, attempt #40
-   waiting 500ms
-   waiting for element to be visible, enabled and stable
-   element is visible, enabled and stable
-   scrolling into view if needed
-   done scrolling
-   <span title="AUTOLOAD_QA" class="ant-select-selection-item">AUTOLOAD_QA</span> intercepts pointer events
- retrying click action, attempt #41
-   waiting 500ms
-   waiting for element to be visible, enabled and stable
-   element is visible, enabled and stable
-   scrolling into view if needed
-   done scrolling
-   <span title="AUTOLOAD_QA" class="ant-select-selection-item">AUTOLOAD_QA</span> intercepts pointer events
- retrying click action, attempt #42
-   waiting 500ms
-   waiting for element to be visible, enabled and stable
-   element is visible, enabled and stable
-   scrolling into view if needed
-   done scrolling
-   <span title="AUTOLOAD_QA" class="ant-select-selection-item">AUTOLOAD_QA</span> intercepts pointer events
- retrying click action, attempt #43
-   waiting 500ms
-   waiting for element to be visible, enabled and stable
-   element is visible, enabled and stable
-   scrolling into view if needed
-   done scrolling
-   <span title="AUTOLOAD_QA" class="ant-select-selection-item">AUTOLOAD_QA</span> intercepts pointer events
- retrying click action, attempt #44
-   waiting 500ms
-   waiting for element to be visible, enabled and stable
-   element is visible, enabled and stable
-   scrolling into view if needed
-   done scrolling
-   <span title="AUTOLOAD_QA" class="ant-select-selection-item">AUTOLOAD_QA</span> intercepts pointer events
- retrying click action, attempt #45
-   waiting 500ms
-   waiting for element to be visible, enabled and stable
-   element is visible, enabled and stable
-   scrolling into view if needed
-   done scrolling
-   <span title="AUTOLOAD_QA" class="ant-select-selection-item">AUTOLOAD_QA</span> intercepts pointer events
- retrying click action, attempt #46
-   waiting 500ms
-   waiting for element to be visible, enabled and stable
-   element is visible, enabled and stable
-   scrolling into view if needed
-   done scrolling
-   <span title="AUTOLOAD_QA" class="ant-select-selection-item">AUTOLOAD_QA</span> intercepts pointer events
- retrying click action, attempt #47
-   waiting 500ms
-   waiting for element to be visible, enabled and stable
-   element is visible, enabled and stable
-   scrolling into view if needed
-   done scrolling
-   <span title="AUTOLOAD_QA" class="ant-select-selection-item">AUTOLOAD_QA</span> intercepts pointer events
- retrying click action, attempt #48
-   waiting 500ms
-   waiting for element to be visible, enabled and stable
-   element is visible, enabled and stable
-   scrolling into view if needed
-   done scrolling
-   <span title="AUTOLOAD_QA" class="ant-select-selection-item">AUTOLOAD_QA</span> intercepts pointer events
- retrying click action, attempt #49
-   waiting 500ms
-   waiting for element to be visible, enabled and stable
-   element is visible, enabled and stable
-   scrolling into view if needed
-   done scrolling
-   <span title="AUTOLOAD_QA" class="ant-select-selection-item">AUTOLOAD_QA</span> intercepts pointer events
- retrying click action, attempt #50
-   waiting 500ms
-   waiting for element to be visible, enabled and stable
-   element is visible, enabled and stable
-   scrolling into view if needed
-   done scrolling
-   <span title="AUTOLOAD_QA" class="ant-select-selection-item">AUTOLOAD_QA</span> intercepts pointer events
- retrying click action, attempt #51
-   waiting 500ms

at com.microsoft.playwright.impl.WaitableResult.get(WaitableResult.java:52)
at com.microsoft.playwright.impl.ChannelOwner.runUntil(ChannelOwner.java:120)
at com.microsoft.playwright.impl.Connection.sendMessage(Connection.java:130)
at com.microsoft.playwright.impl.ChannelOwner.sendMessage(ChannelOwner.java:106)
at com.microsoft.playwright.impl.FrameImpl.clickImpl(FrameImpl.java:252)
at com.microsoft.playwright.impl.PageImpl.lambda$click$18(PageImpl.java:682)
at com.microsoft.playwright.impl.LoggingSupport.lambda$withLogging$0(LoggingSupport.java:36)
at com.microsoft.playwright.impl.LoggingSupport.withLogging(LoggingSupport.java:47)
at com.microsoft.playwright.impl.ChannelOwner.withLogging(ChannelOwner.java:89)
at com.microsoft.playwright.impl.LoggingSupport.withLogging(LoggingSupport.java:35)
at com.microsoft.playwright.impl.PageImpl.click(PageImpl.java:681)
at com.microsoft.playwright.Page.click(Page.java:3956)
at com.qa.AutoloadAI.pages.ReportScriptPage.enterID(ReportScriptPage.java:37)
at com.qa.AutoloadAI.tests.ReportPageTest.reportScriptFlow(ReportPageTest.java:31)
at java.base/jdk.internal.reflect.NativeMethodAccessorImpl.invoke0(Native Method)
at java.base/jdk.internal.reflect.NativeMethodAccessorImpl.invoke(NativeMethodAccessorImpl.java:77)
at java.base/jdk.internal.reflect.DelegatingMethodAccessorImpl.invoke(DelegatingMethodAccessorImpl.java:43)
at java.base/java.lang.reflect.Method.invoke(Method.java:568)
at org.testng.internal.MethodInvocationHelper.invokeMethod(MethodInvocationHelper.java:124)
at org.testng.internal.Invoker.invokeMethod(Invoker.java:583)
at org.testng.internal.Invoker.invokeTestMethod(Invoker.java:719)
at org.testng.internal.Invoker.invokeTestMethods(Invoker.java:989)
at org.testng.internal.TestMethodWorker.invokeTestMethods(TestMethodWorker.java:125)
at org.testng.internal.TestMethodWorker.run(TestMethodWorker.java:109)
at org.testng.TestRunner.privateRun(TestRunner.java:648)
at org.testng.TestRunner.run(TestRunner.java:505)
at org.testng.SuiteRunner.runTest(SuiteRunner.java:455)
at org.testng.SuiteRunner.access$000(SuiteRunner.java:40)
at org.testng.SuiteRunner$SuiteWorker.run(SuiteRunner.java:489)
at org.testng.internal.thread.ThreadUtil$1.call(ThreadUtil.java:52)
at java.base/java.util.concurrent.FutureTask.run(FutureTask.java:264)
at java.base/java.util.concurrent.ThreadPoolExecutor.runWorker(ThreadPoolExecutor.java:1136)
at java.base/java.util.concurrent.ThreadPoolExecutor$Worker.run(ThreadPoolExecutor.java:635)
at java.base/java.lang.Thread.run(Thread.java:833)
Caused by: com.microsoft.playwright.TimeoutError: Error {
  message='Timeout 30000ms exceeded.
  name='TimeoutError
  stack='TimeoutError: Timeout 30000ms exceeded.
    at ProgressController.run (C:\Users\hp\AppData\Local\Temp\playwright-java-16039074641286313852\package\lib\server\progress.js:78:26)
    at Frame.click (C:\Users\hp\AppData\Local\Temp\playwright-java-16039074641286313852\package\lib\server\frames.js:1007:23)
    at FrameDispatcher.click (C:\Users\hp\AppData\Local\Temp\playwright-java-16039074641286313852\package\lib\server\dispatchers\frameDispatcher.js:157:30)
    at FrameDispatcher._handleCommand (C:\Users\hp\AppData\Local\Temp\playwright-java-16039074641286313852\package\lib\server\dispatchers\dispatcher.js:94:40)
    at DispatcherConnection.dispatch (C:\Users\hp\AppData\Local\Temp\playwright-java-16039074641286313852\package\lib\server\dispatchers\dispatcher.js:361:39)
}
Call log:
- waiting for locator("//input[@id='rc_select_1']")
-   locator resolved to <input value="" type="search" role="combobox" id="rc_select_1" autocomplete="off" aria-expanded="false" aria-haspopup="listbox" aria-autocomplete="list" aria-owns="rc_select_1_list" aria-controls="rc_select_1_list" class="ant-select-selection-search-input"/>
- attempting click action
-   waiting for element to be visible, enabled and stable
-   element is visible, enabled and stable
-   scrolling into view if needed
-   done scrolling
-   <span title="AUTOLOAD_QA" class="ant-select-selection-item">AUTOLOAD_QA</span> intercepts pointer events
- retrying click action, attempt #1
-   waiting for element to be visible, enabled and stable
-   element is visible, enabled and stable
-   scrolling into view if needed
-   done scrolling
-   <span title="AUTOLOAD_QA" class="ant-select-selection-item">AUTOLOAD_QA</span> intercepts pointer events
- retrying click action, attempt #2
-   waiting 20ms
-   waiting for element to be visible, enabled and stable
-   element is visible, enabled and stable
-   scrolling into view if needed
-   done scrolling
-   <span title="AUTOLOAD_QA" class="ant-select-selection-item">AUTOLOAD_QA</span> intercepts pointer events
- retrying click action, attempt #3
-   waiting 100ms
-   waiting for element to be visible, enabled and stable
-   element is visible, enabled and stable
-   scrolling into view if needed
-   done scrolling
-   <span title="AUTOLOAD_QA" class="ant-select-selection-item">AUTOLOAD_QA</span> intercepts pointer events
- retrying click action, attempt #4
-   waiting 100ms
-   waiting for element to be visible, enabled and stable
-   element is visible, enabled and stable
-   scrolling into view if needed
-   done scrolling
-   <span title="AUTOLOAD_QA" class="ant-select-selection-item">AUTOLOAD_QA</span> intercepts pointer events
- retrying click action, attempt #5
-   waiting 500ms
-   waiting for element to be visible, enabled and stable
-   element is visible, enabled and stable
-   scrolling into view if needed
-   done scrolling
-   <span title="AUTOLOAD_QA" class="ant-select-selection-item">AUTOLOAD_QA</span> intercepts pointer events
- retrying click action, attempt #6
-   waiting 500ms
-   waiting for element to be visible, enabled and stable
-   element is visible, enabled and stable
-   scrolling into view if needed
-   done scrolling
-   <span title="AUTOLOAD_QA" class="ant-select-selection-item">AUTOLOAD_QA</span> intercepts pointer events
- retrying click action, attempt #7
-   waiting 500ms
-   waiting for element to be visible, enabled and stable
-   element is visible, enabled and stable
-   scrolling into view if needed
-   done scrolling
-   <span title="AUTOLOAD_QA" class="ant-select-selection-item">AUTOLOAD_QA</span> intercepts pointer events
- retrying click action, attempt #8
-   waiting 500ms
-   waiting for element to be visible, enabled and stable
-   element is visible, enabled and stable
-   scrolling into view if needed
-   done scrolling
-   <span title="AUTOLOAD_QA" class="ant-select-selection-item">AUTOLOAD_QA</span> intercepts pointer events
- retrying click action, attempt #9
-   waiting 500ms
-   waiting for element to be visible, enabled and stable
-   element is visible, enabled and stable
-   scrolling into view if needed
-   done scrolling
-   <span title="AUTOLOAD_QA" class="ant-select-selection-item">AUTOLOAD_QA</span> intercepts pointer events
- retrying click action, attempt #10
-   waiting 500ms
-   waiting for element to be visible, enabled and stable
-   element is visible, enabled and stable
-   scrolling into view if needed
-   done scrolling
-   <span title="AUTOLOAD_QA" class="ant-select-selection-item">AUTOLOAD_QA</span> intercepts pointer events
- retrying click action, attempt #11
-   waiting 500ms
-   waiting for element to be visible, enabled and stable
-   element is visible, enabled and stable
-   scrolling into view if needed
-   done scrolling
-   <span title="AUTOLOAD_QA" class="ant-select-selection-item">AUTOLOAD_QA</span> intercepts pointer events
- retrying click action, attempt #12
-   waiting 500ms
-   waiting for element to be visible, enabled and stable
-   element is visible, enabled and stable
-   scrolling into view if needed
-   done scrolling
-   <span title="AUTOLOAD_QA" class="ant-select-selection-item">AUTOLOAD_QA</span> intercepts pointer events
- retrying click action, attempt #13
-   waiting 500ms
-   waiting for element to be visible, enabled and stable
-   element is visible, enabled and stable
-   scrolling into view if needed
-   done scrolling
-   <span title="AUTOLOAD_QA" class="ant-select-selection-item">AUTOLOAD_QA</span> intercepts pointer events
- retrying click action, attempt #14
-   waiting 500ms
-   waiting for element to be visible, enabled and stable
-   element is visible, enabled and stable
-   scrolling into view if needed
-   done scrolling
-   <span title="AUTOLOAD_QA" class="ant-select-selection-item">AUTOLOAD_QA</span> intercepts pointer events
- retrying click action, attempt #15
-   waiting 500ms
-   waiting for element to be visible, enabled and stable
-   element is visible, enabled and stable
-   scrolling into view if needed
-   done scrolling
-   <span title="AUTOLOAD_QA" class="ant-select-selection-item">AUTOLOAD_QA</span> intercepts pointer events
- retrying click action, attempt #16
-   waiting 500ms
-   waiting for element to be visible, enabled and stable
-   element is visible, enabled and stable
-   scrolling into view if needed
-   done scrolling
-   <span title="AUTOLOAD_QA" class="ant-select-selection-item">AUTOLOAD_QA</span> intercepts pointer events
- retrying click action, attempt #17
-   waiting 500ms
-   waiting for element to be visible, enabled and stable
-   element is visible, enabled and stable
-   scrolling into view if needed
-   done scrolling
-   <span title="AUTOLOAD_QA" class="ant-select-selection-item">AUTOLOAD_QA</span> intercepts pointer events
- retrying click action, attempt #18
-   waiting 500ms
-   waiting for element to be visible, enabled and stable
-   element is visible, enabled and stable
-   scrolling into view if needed
-   done scrolling
-   <span title="AUTOLOAD_QA" class="ant-select-selection-item">AUTOLOAD_QA</span> intercepts pointer events
- retrying click action, attempt #19
-   waiting 500ms
-   waiting for element to be visible, enabled and stable
-   element is visible, enabled and stable
-   scrolling into view if needed
-   done scrolling
-   <span title="AUTOLOAD_QA" class="ant-select-selection-item">AUTOLOAD_QA</span> intercepts pointer events
- retrying click action, attempt #20
-   waiting 500ms
-   waiting for element to be visible, enabled and stable
-   element is visible, enabled and stable
-   scrolling into view if needed
-   done scrolling
-   <span title="AUTOLOAD_QA" class="ant-select-selection-item">AUTOLOAD_QA</span> intercepts pointer events
- retrying click action, attempt #21
-   waiting 500ms
-   waiting for element to be visible, enabled and stable
-   element is visible, enabled and stable
-   scrolling into view if needed
-   done scrolling
-   <span title="AUTOLOAD_QA" class="ant-select-selection-item">AUTOLOAD_QA</span> intercepts pointer events
- retrying click action, attempt #22
-   waiting 500ms
-   waiting for element to be visible, enabled and stable
-   element is visible, enabled and stable
-   scrolling into view if needed
-   done scrolling
-   <span title="AUTOLOAD_QA" class="ant-select-selection-item">AUTOLOAD_QA</span> intercepts pointer events
- retrying click action, attempt #23
-   waiting 500ms
-   waiting for element to be visible, enabled and stable
-   element is visible, enabled and stable
-   scrolling into view if needed
-   done scrolling
-   <span title="AUTOLOAD_QA" class="ant-select-selection-item">AUTOLOAD_QA</span> intercepts pointer events
- retrying click action, attempt #24
-   waiting 500ms
-   waiting for element to be visible, enabled and stable
-   element is visible, enabled and stable
-   scrolling into view if needed
-   done scrolling
-   <span title="AUTOLOAD_QA" class="ant-select-selection-item">AUTOLOAD_QA</span> intercepts pointer events
- retrying click action, attempt #25
-   waiting 500ms
-   waiting for element to be visible, enabled and stable
-   element is visible, enabled and stable
-   scrolling into view if needed
-   done scrolling
-   <span title="AUTOLOAD_QA" class="ant-select-selection-item">AUTOLOAD_QA</span> intercepts pointer events
- retrying click action, attempt #26
-   waiting 500ms
-   waiting for element to be visible, enabled and stable
-   element is visible, enabled and stable
-   scrolling into view if needed
-   done scrolling
-   <span title="AUTOLOAD_QA" class="ant-select-selection-item">AUTOLOAD_QA</span> intercepts pointer events
- retrying click action, attempt #27
-   waiting 500ms
-   waiting for element to be visible, enabled and stable
-   element is visible, enabled and stable
-   scrolling into view if needed
-   done scrolling
-   <span title="AUTOLOAD_QA" class="ant-select-selection-item">AUTOLOAD_QA</span> intercepts pointer events
- retrying click action, attempt #28
-   waiting 500ms
-   waiting for element to be visible, enabled and stable
-   element is visible, enabled and stable
-   scrolling into view if needed
-   done scrolling
-   <span title="AUTOLOAD_QA" class="ant-select-selection-item">AUTOLOAD_QA</span> intercepts pointer events
- retrying click action, attempt #29
-   waiting 500ms
-   waiting for element to be visible, enabled and stable
-   element is visible, enabled and stable
-   scrolling into view if needed
-   done scrolling
-   <span title="AUTOLOAD_QA" class="ant-select-selection-item">AUTOLOAD_QA</span> intercepts pointer events
- retrying click action, attempt #30
-   waiting 500ms
-   waiting for element to be visible, enabled and stable
-   element is visible, enabled and stable
-   scrolling into view if needed
-   done scrolling
-   <span title="AUTOLOAD_QA" class="ant-select-selection-item">AUTOLOAD_QA</span> intercepts pointer events
- retrying click action, attempt #31
-   waiting 500ms
-   waiting for element to be visible, enabled and stable
-   element is visible, enabled and stable
-   scrolling into view if needed
-   done scrolling
-   <span title="AUTOLOAD_QA" class="ant-select-selection-item">AUTOLOAD_QA</span> intercepts pointer events
- retrying click action, attempt #32
-   waiting 500ms
-   waiting for element to be visible, enabled and stable
-   element is visible, enabled and stable
-   scrolling into view if needed
-   done scrolling
-   <span title="AUTOLOAD_QA" class="ant-select-selection-item">AUTOLOAD_QA</span> intercepts pointer events
- retrying click action, attempt #33
-   waiting 500ms
-   waiting for element to be visible, enabled and stable
-   element is visible, enabled and stable
-   scrolling into view if needed
-   done scrolling
-   <span title="AUTOLOAD_QA" class="ant-select-selection-item">AUTOLOAD_QA</span> intercepts pointer events
- retrying click action, attempt #34
-   waiting 500ms
-   waiting for element to be visible, enabled and stable
-   element is visible, enabled and stable
-   scrolling into view if needed
-   done scrolling
-   <span title="AUTOLOAD_QA" class="ant-select-selection-item">AUTOLOAD_QA</span> intercepts pointer events
- retrying click action, attempt #35
-   waiting 500ms
-   waiting for element to be visible, enabled and stable
-   element is visible, enabled and stable
-   scrolling into view if needed
-   done scrolling
-   <span title="AUTOLOAD_QA" class="ant-select-selection-item">AUTOLOAD_QA</span> intercepts pointer events
- retrying click action, attempt #36
-   waiting 500ms
-   waiting for element to be visible, enabled and stable
-   element is visible, enabled and stable
-   scrolling into view if needed
-   done scrolling
-   <span title="AUTOLOAD_QA" class="ant-select-selection-item">AUTOLOAD_QA</span> intercepts pointer events
- retrying click action, attempt #37
-   waiting 500ms
-   waiting for element to be visible, enabled and stable
-   element is visible, enabled and stable
-   scrolling into view if needed
-   done scrolling
-   <span title="AUTOLOAD_QA" class="ant-select-selection-item">AUTOLOAD_QA</span> intercepts pointer events
- retrying click action, attempt #38
-   waiting 500ms
-   waiting for element to be visible, enabled and stable
-   element is visible, enabled and stable
-   scrolling into view if needed
-   done scrolling
-   <span title="AUTOLOAD_QA" class="ant-select-selection-item">AUTOLOAD_QA</span> intercepts pointer events
- retrying click action, attempt #39
-   waiting 500ms
-   waiting for element to be visible, enabled and stable
-   element is visible, enabled and stable
-   scrolling into view if needed
-   done scrolling
-   <span title="AUTOLOAD_QA" class="ant-select-selection-item">AUTOLOAD_QA</span> intercepts pointer events
- retrying click action, attempt #40
-   waiting 500ms
-   waiting for element to be visible, enabled and stable
-   element is visible, enabled and stable
-   scrolling into view if needed
-   done scrolling
-   <span title="AUTOLOAD_QA" class="ant-select-selection-item">AUTOLOAD_QA</span> intercepts pointer events
- retrying click action, attempt #41
-   waiting 500ms
-   waiting for element to be visible, enabled and stable
-   element is visible, enabled and stable
-   scrolling into view if needed
-   done scrolling
-   <span title="AUTOLOAD_QA" class="ant-select-selection-item">AUTOLOAD_QA</span> intercepts pointer events
- retrying click action, attempt #42
-   waiting 500ms
-   waiting for element to be visible, enabled and stable
-   element is visible, enabled and stable
-   scrolling into view if needed
-   done scrolling
-   <span title="AUTOLOAD_QA" class="ant-select-selection-item">AUTOLOAD_QA</span> intercepts pointer events
- retrying click action, attempt #43
-   waiting 500ms
-   waiting for element to be visible, enabled and stable
-   element is visible, enabled and stable
-   scrolling into view if needed
-   done scrolling
-   <span title="AUTOLOAD_QA" class="ant-select-selection-item">AUTOLOAD_QA</span> intercepts pointer events
- retrying click action, attempt #44
-   waiting 500ms
-   waiting for element to be visible, enabled and stable
-   element is visible, enabled and stable
-   scrolling into view if needed
-   done scrolling
-   <span title="AUTOLOAD_QA" class="ant-select-selection-item">AUTOLOAD_QA</span> intercepts pointer events
- retrying click action, attempt #45
-   waiting 500ms
-   waiting for element to be visible, enabled and stable
-   element is visible, enabled and stable
-   scrolling into view if needed
-   done scrolling
-   <span title="AUTOLOAD_QA" class="ant-select-selection-item">AUTOLOAD_QA</span> intercepts pointer events
- retrying click action, attempt #46
-   waiting 500ms
-   waiting for element to be visible, enabled and stable
-   element is visible, enabled and stable
-   scrolling into view if needed
-   done scrolling
-   <span title="AUTOLOAD_QA" class="ant-select-selection-item">AUTOLOAD_QA</span> intercepts pointer events
- retrying click action, attempt #47
-   waiting 500ms
-   waiting for element to be visible, enabled and stable
-   element is visible, enabled and stable
-   scrolling into view if needed
-   done scrolling
-   <span title="AUTOLOAD_QA" class="ant-select-selection-item">AUTOLOAD_QA</span> intercepts pointer events
- retrying click action, attempt #48
-   waiting 500ms
-   waiting for element to be visible, enabled and stable
-   element is visible, enabled and stable
-   scrolling into view if needed
-   done scrolling
-   <span title="AUTOLOAD_QA" class="ant-select-selection-item">AUTOLOAD_QA</span> intercepts pointer events
- retrying click action, attempt #49
-   waiting 500ms
-   waiting for element to be visible, enabled and stable
-   element is visible, enabled and stable
-   scrolling into view if needed
-   done scrolling
-   <span title="AUTOLOAD_QA" class="ant-select-selection-item">AUTOLOAD_QA</span> intercepts pointer events
- retrying click action, attempt #50
-   waiting 500ms
-   waiting for element to be visible, enabled and stable
-   element is visible, enabled and stable
-   scrolling into view if needed
-   done scrolling
-   <span title="AUTOLOAD_QA" class="ant-select-selection-item">AUTOLOAD_QA</span> intercepts pointer events
- retrying click action, attempt #51
-   waiting 500ms

at com.microsoft.playwright.impl.Connection.dispatch(Connection.java:254)
at com.microsoft.playwright.impl.Connection.processOneMessage(Connection.java:211)
at com.microsoft.playwright.impl.ChannelOwner.runUntil(ChannelOwner.java:118)
... 32 more
]]>
    </error>
  </testcase> <!-- reportScriptFlow -->
</testsuite> <!-- com.qa.AutoloadAI.tests.ReportPageTest -->
