<?xml version="1.0" encoding="UTF-8"?>
<!-- Generated by org.testng.reporters.JUnitReportReporter -->
<testsuite hostname="DESKTOP-6LVC8MF" failures="0" tests="2" name="com.qa.AutoloadAI.tests.LoginPageTest" time="1.199" errors="0" timestamp="22 Jul 2024 13:33:47 GMT" skipped="0">
  <testcase classname="com.qa.AutoloadAI.tests.LoginPageTest" name="loginPageNavigationTest" time="0.719"/>
  <testcase classname="com.qa.AutoloadAI.tests.LoginPageTest" name="appLoginTest" time="0.480"/>
</testsuite> <!-- com.qa.AutoloadAI.tests.LoginPageTest -->
