<?xml version="1.0" encoding="UTF-8"?>
<!-- Generated by org.testng.reporters.JUnitReportReporter -->
<testsuite hostname="DESKTOP-6LVC8MF" failures="0" tests="2" name="com.qa.AutoloadAI.tests.HomePageTest" time="6.579" errors="0" timestamp="30 Jul 2024 14:46:58 GMT" skipped="0">
  <testcase classname="com.qa.AutoloadAI.tests.HomePageTest" name="loginPageURLForHomePage" time="6.574"/>
  <testcase classname="com.qa.AutoloadAI.tests.HomePageTest" name="homePageURLTest" time="0.005"/>
</testsuite> <!-- com.qa.AutoloadAI.tests.HomePageTest -->
