<?xml version="1.0" encoding="UTF-8"?>
<!-- Generated by org.testng.reporters.JUnitReportReporter -->
<testsuite hostname="DESKTOP-6LVC8MF" failures="0" tests="2" name="com.qa.AutoloadAI.tests.LoginPageTest" time="3.915" errors="0" timestamp="30 Jul 2024 14:46:58 GMT" skipped="0">
  <testcase classname="com.qa.AutoloadAI.tests.LoginPageTest" name="loginPageNavigationTest" time="3.051"/>
  <testcase classname="com.qa.AutoloadAI.tests.LoginPageTest" name="loginActionForLoginFlow" time="0.864"/>
</testsuite> <!-- com.qa.AutoloadAI.tests.LoginPageTest -->
